14:58:51.283 | V |         | HandleShellCompletion.OnBuildCreated (200)
14:58:51.449 | V |         | ArgumentsFromParametersFile.OnBuildCreated (150)
14:58:51.458 | V |         | InjectParameterValues.OnBuildCreated (100)
14:58:51.465 | V |         | GenerateBuildServerConfigurations.OnBuildCreated (50)
14:58:51.466 | V |         | InvokeBuildServerConfigurationGeneration.OnBuildCreated (45)
14:58:51.485 | V |         | UpdateNotification.OnBuildCreated (10)
14:58:51.485 | V |         | UnsetVisualStudioEnvironmentVariables.OnBuildCreated (0)
14:58:51.486 | V |         | HandleVisualStudioDebugging.OnBuildCreated (0)
14:58:51.487 | V |         | EventInvoker.OnBuildCreated (-3.4028235E+38)
14:58:51.507 | V |         | HandleHelpRequests.OnBuildInitialized (5)
14:58:51.508 | V |         | Telemetry.OnBuildInitialized (0)
14:58:52.254 | V |         | Sending BuildStarted telemetry event ...
14:58:52.258 | V |         |   build_components         = 
14:58:52.258 | V |         |   build_type               = Project
14:58:52.258 | V |         |   compile_time             = <null>
14:58:52.258 | V |         |   config_generators        = 
14:58:52.258 | V |         |   host                     = Rider
14:58:52.258 | V |         |   num_custom_components    = 0
14:58:52.258 | V |         |   num_custom_extensions    = 0
14:58:52.258 | V |         |   num_partitioned_targets  = 0
14:58:52.258 | V |         |   num_secrets              = 0
14:58:52.258 | V |         |   num_targets              = 3
14:58:52.258 | V |         |   os_architecture          = X64
14:58:52.258 | V |         |   os_platform              = Windows
14:58:52.258 | V |         |   repo_branch              = <null>
14:58:52.258 | V |         |   repo_commit              = 83ec9f
14:58:52.258 | V |         |   repo_provider            = GitHub
14:58:52.258 | V |         |   repo_url                 = 3a4b5b
14:58:52.258 | V |         |   target_framework         = .NETCoreApp,Version=v5.0
14:58:52.258 | V |         |   version_dotnet_sdk       = 5.0.402
14:58:52.258 | V |         |   version_nuke_common      = 6.0.1
14:58:52.258 | V |         |   version_nuke_global_tool = <null>
14:58:52.729 | V |         | InjectNonParameterValues.OnBuildInitialized (-100)
14:58:52.730 | V |         | EventInvoker.OnBuildInitialized (-3.4028235E+38)
14:58:52.744 | V | Restore | EventInvoker.OnTargetRunning (-3.4028235E+38)
14:58:52.745 | V | Restore | Telemetry.OnTargetSucceeded (0)
14:58:52.974 | V | Restore | Sending TargetSucceeded telemetry event ...
14:58:52.975 | V | Restore |   build_components         = 
14:58:52.975 | V | Restore |   build_type               = Project
14:58:52.975 | V | Restore |   compile_time             = <null>
14:58:52.975 | V | Restore |   config_generators        = 
14:58:52.975 | V | Restore |   host                     = Rider
14:58:52.975 | V | Restore |   num_custom_components    = 0
14:58:52.975 | V | Restore |   num_custom_extensions    = 0
14:58:52.975 | V | Restore |   num_partitioned_targets  = 0
14:58:52.975 | V | Restore |   num_secrets              = 0
14:58:52.975 | V | Restore |   num_targets              = 3
14:58:52.975 | V | Restore |   os_architecture          = X64
14:58:52.975 | V | Restore |   os_platform              = Windows
14:58:52.975 | V | Restore |   repo_branch              = <null>
14:58:52.975 | V | Restore |   repo_commit              = 83ec9f
14:58:52.975 | V | Restore |   repo_provider            = GitHub
14:58:52.975 | V | Restore |   repo_url                 = 3a4b5b
14:58:52.975 | V | Restore |   target_current_partition = 1
14:58:52.975 | V | Restore |   target_duration          = 0
14:58:52.975 | V | Restore |   target_framework         = .NETCoreApp,Version=v5.0
14:58:52.975 | V | Restore |   target_name              = Restore
14:58:52.975 | V | Restore |   target_total_partitions  = 1
14:58:52.975 | V | Restore |   version_dotnet_sdk       = 5.0.402
14:58:52.975 | V | Restore |   version_nuke_common      = 6.0.1
14:58:52.975 | V | Restore |   version_nuke_global_tool = <null>
14:58:53.024 | V | Restore | EventInvoker.OnTargetSucceeded (-3.4028235E+38)
14:58:53.027 | V | Compile | EventInvoker.OnTargetRunning (-3.4028235E+38)
14:58:53.028 | I | Compile | COMPILE
14:58:53.037 | V | Compile | Telemetry.OnTargetSucceeded (0)
14:58:53.255 | V | Compile | Sending TargetSucceeded telemetry event ...
14:58:53.255 | V | Compile |   build_components         = 
14:58:53.255 | V | Compile |   build_type               = Project
14:58:53.255 | V | Compile |   compile_time             = <null>
14:58:53.255 | V | Compile |   config_generators        = 
14:58:53.255 | V | Compile |   host                     = Rider
14:58:53.255 | V | Compile |   num_custom_components    = 0
14:58:53.255 | V | Compile |   num_custom_extensions    = 0
14:58:53.255 | V | Compile |   num_partitioned_targets  = 0
14:58:53.255 | V | Compile |   num_secrets              = 0
14:58:53.255 | V | Compile |   num_targets              = 3
14:58:53.255 | V | Compile |   os_architecture          = X64
14:58:53.255 | V | Compile |   os_platform              = Windows
14:58:53.255 | V | Compile |   repo_branch              = <null>
14:58:53.255 | V | Compile |   repo_commit              = 83ec9f
14:58:53.255 | V | Compile |   repo_provider            = GitHub
14:58:53.255 | V | Compile |   repo_url                 = 3a4b5b
14:58:53.255 | V | Compile |   target_current_partition = 1
14:58:53.255 | V | Compile |   target_duration          = 0
14:58:53.255 | V | Compile |   target_framework         = .NETCoreApp,Version=v5.0
14:58:53.255 | V | Compile |   target_name              = Compile
14:58:53.255 | V | Compile |   target_total_partitions  = 1
14:58:53.255 | V | Compile |   version_dotnet_sdk       = 5.0.402
14:58:53.255 | V | Compile |   version_nuke_common      = 6.0.1
14:58:53.255 | V | Compile |   version_nuke_global_tool = <null>
14:58:53.292 | V | Compile | EventInvoker.OnTargetSucceeded (-3.4028235E+38)
14:58:53.306 | V |         | UpdateNotification.OnBuildFinished (10)
14:58:53.306 | V |         | SerializeBuildServerState.OnBuildFinished (0)
14:58:53.307 | V |         | EventInvoker.OnBuildFinished (-3.4028235E+38)
